<?xml version="1.0" encoding="UTF-8" ?>
<testsuite tests="6" failures="0" name="com.wcm533.dao.ArticleMapperTest" time="0.36" errors="6" skipped="0">
  <properties>
[...]
</properties>
  <testcase classname="com.wcm533.dao.ArticleMapperTest" name="testUpdateArticle" time="0.359">
    <error message="
### Error opening session.  Cause: java.lang.NullPointerException
### Cause: java.lang.NullPointerException" type="org.apache.ibatis.exceptions.PersistenceException">org.apache.ibatis.exceptions.PersistenceException: 
### Error opening session.  Cause: java.lang.NullPointerException
### Cause: java.lang.NullPointerException
	at org.apache.ibatis.exceptions.ExceptionFactory.wrapException(ExceptionFactory.java:30)
	at org.apache.ibatis.session.defaults.DefaultSqlSessionFactory.openSessionFromDataSource(DefaultSqlSessionFactory.java:100)
	at org.apache.ibatis.session.defaults.DefaultSqlSessionFactory.openSession(DefaultSqlSessionFactory.java:52)
	at com.wcm533.utils.MybatisUtils.getSqlSession(MybatisUtils.java:37)
	at com.wcm533.dao.ArticleMapperTest.testUpdateArticle(ArticleMapperTest.java:42)
	at sun.reflect.NativeMethodAccessorImpl.invoke0(Native Method)
	at sun.reflect.NativeMethodAccessorImpl.invoke(NativeMethodAccessorImpl.java:62)
	at sun.reflect.DelegatingMethodAccessorImpl.invoke(DelegatingMethodAccessorImpl.java:43)
	at java.lang.reflect.Method.invoke(Method.java:498)
	at junit.framework.TestCase.runTest(TestCase.java:176)
	at junit.framework.TestCase.runBare(TestCase.java:141)
	at junit.framework.TestResult$1.protect(TestResult.java:122)
	at junit.framework.TestResult.runProtected(TestResult.java:142)
	at junit.framework.TestResult.run(TestResult.java:125)
	at junit.framework.TestCase.run(TestCase.java:129)
	at junit.framework.TestSuite.runTest(TestSuite.java:252)
	at junit.framework.TestSuite.run(TestSuite.java:247)
	at org.junit.internal.runners.JUnit38ClassRunner.run(JUnit38ClassRunner.java:86)
	at org.apache.maven.surefire.junit4.JUnit4Provider.execute(JUnit4Provider.java:252)
	at org.apache.maven.surefire.junit4.JUnit4Provider.executeTestSet(JUnit4Provider.java:141)
	at org.apache.maven.surefire.junit4.JUnit4Provider.invoke(JUnit4Provider.java:112)
	at sun.reflect.NativeMethodAccessorImpl.invoke0(Native Method)
	at sun.reflect.NativeMethodAccessorImpl.invoke(NativeMethodAccessorImpl.java:62)
	at sun.reflect.DelegatingMethodAccessorImpl.invoke(DelegatingMethodAccessorImpl.java:43)
	at java.lang.reflect.Method.invoke(Method.java:498)
	at org.apache.maven.surefire.util.ReflectionUtils.invokeMethodWithArray(ReflectionUtils.java:189)
	at org.apache.maven.surefire.booter.ProviderFactory$ProviderProxy.invoke(ProviderFactory.java:165)
	at org.apache.maven.surefire.booter.ProviderFactory.invokeProvider(ProviderFactory.java:85)
	at org.apache.maven.surefire.booter.ForkedBooter.runSuitesInProcess(ForkedBooter.java:115)
	at org.apache.maven.surefire.booter.ForkedBooter.main(ForkedBooter.java:75)
Caused by: java.lang.NullPointerException
	at org.apache.ibatis.session.defaults.DefaultSqlSessionFactory.openSessionFromDataSource(DefaultSqlSessionFactory.java:95)
	... 28 more
</error>
    <system-out>Logging initialized using &apos;class org.apache.ibatis.logging.stdout.StdOutImpl&apos; adapter.
Class not found: org.jboss.vfs.VFS
JBoss 6 VFS API is not available in this environment.
Class not found: org.jboss.vfs.VirtualFile
VFS implementation org.apache.ibatis.io.JBoss6VFS is not valid in this environment.
Using VFS adapter org.apache.ibatis.io.DefaultVFS
Find JAR URL: file:/D:/Users/47217/BookCycleSystem/BookCycle/target/classes/com/wcm533/pojo
Not a JAR: file:/D:/Users/47217/BookCycleSystem/BookCycle/target/classes/com/wcm533/pojo
Reader entry: Article.class
Reader entry: Book.class
Reader entry: BookDetails.class
Reader entry: BookList.class
Reader entry: BookListItems.class
Reader entry: Cart.class
Reader entry: CartItem.class
Reader entry: EndowBookList.class
Reader entry: EndowBookListItems.class
Reader entry: ItemsDetails.class
Reader entry: News.class
Reader entry: Page.class
Reader entry: Points.class
Reader entry: Reservation.class
Reader entry: ReservationDetails.class
Reader entry: User.class
Listing file:/D:/Users/47217/BookCycleSystem/BookCycle/target/classes/com/wcm533/pojo
Find JAR URL: file:/D:/Users/47217/BookCycleSystem/BookCycle/target/classes/com/wcm533/pojo/Article.class
Not a JAR: file:/D:/Users/47217/BookCycleSystem/BookCycle/target/classes/com/wcm533/pojo/Article.class
Reader entry: ����&amp;#0;&amp;#0;&amp;#0;2&amp;#0;X
Find JAR URL: file:/D:/Users/47217/BookCycleSystem/BookCycle/target/classes/com/wcm533/pojo/Book.class
Not a JAR: file:/D:/Users/47217/BookCycleSystem/BookCycle/target/classes/com/wcm533/pojo/Book.class
Reader entry: ����&amp;#0;&amp;#0;&amp;#0;2&amp;#0;g
Find JAR URL: file:/D:/Users/47217/BookCycleSystem/BookCycle/target/classes/com/wcm533/pojo/BookDetails.class
Not a JAR: file:/D:/Users/47217/BookCycleSystem/BookCycle/target/classes/com/wcm533/pojo/BookDetails.class
Reader entry: ����&amp;#0;&amp;#0;&amp;#0;2&amp;#0;R
Find JAR URL: file:/D:/Users/47217/BookCycleSystem/BookCycle/target/classes/com/wcm533/pojo/BookList.class
Not a JAR: file:/D:/Users/47217/BookCycleSystem/BookCycle/target/classes/com/wcm533/pojo/BookList.class
Reader entry: ����&amp;#0;&amp;#0;&amp;#0;2&amp;#0;n
Find JAR URL: file:/D:/Users/47217/BookCycleSystem/BookCycle/target/classes/com/wcm533/pojo/BookListItems.class
Not a JAR: file:/D:/Users/47217/BookCycleSystem/BookCycle/target/classes/com/wcm533/pojo/BookListItems.class
Reader entry: ����&amp;#0;&amp;#0;&amp;#0;2&amp;#0;K
Find JAR URL: file:/D:/Users/47217/BookCycleSystem/BookCycle/target/classes/com/wcm533/pojo/Cart.class
Not a JAR: file:/D:/Users/47217/BookCycleSystem/BookCycle/target/classes/com/wcm533/pojo/Cart.class
Reader entry: ����&amp;#0;&amp;#0;&amp;#0;2&amp;#0;?	&amp;#0;&quot;&amp;#0;_
Find JAR URL: file:/D:/Users/47217/BookCycleSystem/BookCycle/target/classes/com/wcm533/pojo/CartItem.class
Not a JAR: file:/D:/Users/47217/BookCycleSystem/BookCycle/target/classes/com/wcm533/pojo/CartItem.class
Reader entry: ����&amp;#0;&amp;#0;&amp;#0;2&amp;#0;Q
Find JAR URL: file:/D:/Users/47217/BookCycleSystem/BookCycle/target/classes/com/wcm533/pojo/EndowBookList.class
Not a JAR: file:/D:/Users/47217/BookCycleSystem/BookCycle/target/classes/com/wcm533/pojo/EndowBookList.class
Reader entry: ����&amp;#0;&amp;#0;&amp;#0;2&amp;#0;k
Find JAR URL: file:/D:/Users/47217/BookCycleSystem/BookCycle/target/classes/com/wcm533/pojo/EndowBookListItems.class
Not a JAR: file:/D:/Users/47217/BookCycleSystem/BookCycle/target/classes/com/wcm533/pojo/EndowBookListItems.class
Reader entry: ����&amp;#0;&amp;#0;&amp;#0;2&amp;#0;K
Find JAR URL: file:/D:/Users/47217/BookCycleSystem/BookCycle/target/classes/com/wcm533/pojo/ItemsDetails.class
Not a JAR: file:/D:/Users/47217/BookCycleSystem/BookCycle/target/classes/com/wcm533/pojo/ItemsDetails.class
Reader entry: ����&amp;#0;&amp;#0;&amp;#0;2&amp;#0;Q
Find JAR URL: file:/D:/Users/47217/BookCycleSystem/BookCycle/target/classes/com/wcm533/pojo/News.class
Not a JAR: file:/D:/Users/47217/BookCycleSystem/BookCycle/target/classes/com/wcm533/pojo/News.class
Reader entry: ����&amp;#0;&amp;#0;&amp;#0;2&amp;#0;X
Find JAR URL: file:/D:/Users/47217/BookCycleSystem/BookCycle/target/classes/com/wcm533/pojo/Page.class
Not a JAR: file:/D:/Users/47217/BookCycleSystem/BookCycle/target/classes/com/wcm533/pojo/Page.class
Reader entry: ����&amp;#0;&amp;#0;&amp;#0;2&amp;#0;n
Find JAR URL: file:/D:/Users/47217/BookCycleSystem/BookCycle/target/classes/com/wcm533/pojo/Points.class
Not a JAR: file:/D:/Users/47217/BookCycleSystem/BookCycle/target/classes/com/wcm533/pojo/Points.class
Reader entry: ����&amp;#0;&amp;#0;&amp;#0;2&amp;#0;l
Find JAR URL: file:/D:/Users/47217/BookCycleSystem/BookCycle/target/classes/com/wcm533/pojo/Reservation.class
Not a JAR: file:/D:/Users/47217/BookCycleSystem/BookCycle/target/classes/com/wcm533/pojo/Reservation.class
Reader entry: ����&amp;#0;&amp;#0;&amp;#0;2&amp;#0;:
Find JAR URL: file:/D:/Users/47217/BookCycleSystem/BookCycle/target/classes/com/wcm533/pojo/ReservationDetails.class
Not a JAR: file:/D:/Users/47217/BookCycleSystem/BookCycle/target/classes/com/wcm533/pojo/ReservationDetails.class
Reader entry: ����&amp;#0;&amp;#0;&amp;#0;2&amp;#0;S
Find JAR URL: file:/D:/Users/47217/BookCycleSystem/BookCycle/target/classes/com/wcm533/pojo/User.class
Not a JAR: file:/D:/Users/47217/BookCycleSystem/BookCycle/target/classes/com/wcm533/pojo/User.class
Reader entry: ����&amp;#0;&amp;#0;&amp;#0;2&amp;#0;o
Checking to see if class com.wcm533.pojo.Article matches criteria [is assignable to Object]
Checking to see if class com.wcm533.pojo.Book matches criteria [is assignable to Object]
Checking to see if class com.wcm533.pojo.BookDetails matches criteria [is assignable to Object]
Checking to see if class com.wcm533.pojo.BookList matches criteria [is assignable to Object]
Checking to see if class com.wcm533.pojo.BookListItems matches criteria [is assignable to Object]
Checking to see if class com.wcm533.pojo.Cart matches criteria [is assignable to Object]
Checking to see if class com.wcm533.pojo.CartItem matches criteria [is assignable to Object]
Checking to see if class com.wcm533.pojo.EndowBookList matches criteria [is assignable to Object]
Checking to see if class com.wcm533.pojo.EndowBookListItems matches criteria [is assignable to Object]
Checking to see if class com.wcm533.pojo.ItemsDetails matches criteria [is assignable to Object]
Checking to see if class com.wcm533.pojo.News matches criteria [is assignable to Object]
Checking to see if class com.wcm533.pojo.Page matches criteria [is assignable to Object]
Checking to see if class com.wcm533.pojo.Points matches criteria [is assignable to Object]
Checking to see if class com.wcm533.pojo.Reservation matches criteria [is assignable to Object]
Checking to see if class com.wcm533.pojo.ReservationDetails matches criteria [is assignable to Object]
Checking to see if class com.wcm533.pojo.User matches criteria [is assignable to Object]
</system-out>
  </testcase>
  <testcase classname="com.wcm533.dao.ArticleMapperTest" name="testQueryArticleById" time="0">
    <error message="
### Error opening session.  Cause: java.lang.NullPointerException
### Cause: java.lang.NullPointerException" type="org.apache.ibatis.exceptions.PersistenceException">org.apache.ibatis.exceptions.PersistenceException: 
### Error opening session.  Cause: java.lang.NullPointerException
### Cause: java.lang.NullPointerException
	at org.apache.ibatis.exceptions.ExceptionFactory.wrapException(ExceptionFactory.java:30)
	at org.apache.ibatis.session.defaults.DefaultSqlSessionFactory.openSessionFromDataSource(DefaultSqlSessionFactory.java:100)
	at org.apache.ibatis.session.defaults.DefaultSqlSessionFactory.openSession(DefaultSqlSessionFactory.java:52)
	at com.wcm533.utils.MybatisUtils.getSqlSession(MybatisUtils.java:37)
	at com.wcm533.dao.ArticleMapperTest.testQueryArticleById(ArticleMapperTest.java:64)
	at sun.reflect.NativeMethodAccessorImpl.invoke0(Native Method)
	at sun.reflect.NativeMethodAccessorImpl.invoke(NativeMethodAccessorImpl.java:62)
	at sun.reflect.DelegatingMethodAccessorImpl.invoke(DelegatingMethodAccessorImpl.java:43)
	at java.lang.reflect.Method.invoke(Method.java:498)
	at junit.framework.TestCase.runTest(TestCase.java:176)
	at junit.framework.TestCase.runBare(TestCase.java:141)
	at junit.framework.TestResult$1.protect(TestResult.java:122)
	at junit.framework.TestResult.runProtected(TestResult.java:142)
	at junit.framework.TestResult.run(TestResult.java:125)
	at junit.framework.TestCase.run(TestCase.java:129)
	at junit.framework.TestSuite.runTest(TestSuite.java:252)
	at junit.framework.TestSuite.run(TestSuite.java:247)
	at org.junit.internal.runners.JUnit38ClassRunner.run(JUnit38ClassRunner.java:86)
	at org.apache.maven.surefire.junit4.JUnit4Provider.execute(JUnit4Provider.java:252)
	at org.apache.maven.surefire.junit4.JUnit4Provider.executeTestSet(JUnit4Provider.java:141)
	at org.apache.maven.surefire.junit4.JUnit4Provider.invoke(JUnit4Provider.java:112)
	at sun.reflect.NativeMethodAccessorImpl.invoke0(Native Method)
	at sun.reflect.NativeMethodAccessorImpl.invoke(NativeMethodAccessorImpl.java:62)
	at sun.reflect.DelegatingMethodAccessorImpl.invoke(DelegatingMethodAccessorImpl.java:43)
	at java.lang.reflect.Method.invoke(Method.java:498)
	at org.apache.maven.surefire.util.ReflectionUtils.invokeMethodWithArray(ReflectionUtils.java:189)
	at org.apache.maven.surefire.booter.ProviderFactory$ProviderProxy.invoke(ProviderFactory.java:165)
	at org.apache.maven.surefire.booter.ProviderFactory.invokeProvider(ProviderFactory.java:85)
	at org.apache.maven.surefire.booter.ForkedBooter.runSuitesInProcess(ForkedBooter.java:115)
	at org.apache.maven.surefire.booter.ForkedBooter.main(ForkedBooter.java:75)
Caused by: java.lang.NullPointerException
	at org.apache.ibatis.session.defaults.DefaultSqlSessionFactory.openSessionFromDataSource(DefaultSqlSessionFactory.java:95)
	... 28 more
</error>
  </testcase>
  <testcase classname="com.wcm533.dao.ArticleMapperTest" name="testAddArticle" time="0">
    <error message="
### Error opening session.  Cause: java.lang.NullPointerException
### Cause: java.lang.NullPointerException" type="org.apache.ibatis.exceptions.PersistenceException">org.apache.ibatis.exceptions.PersistenceException: 
### Error opening session.  Cause: java.lang.NullPointerException
### Cause: java.lang.NullPointerException
	at org.apache.ibatis.exceptions.ExceptionFactory.wrapException(ExceptionFactory.java:30)
	at org.apache.ibatis.session.defaults.DefaultSqlSessionFactory.openSessionFromDataSource(DefaultSqlSessionFactory.java:100)
	at org.apache.ibatis.session.defaults.DefaultSqlSessionFactory.openSession(DefaultSqlSessionFactory.java:52)
	at com.wcm533.utils.MybatisUtils.getSqlSession(MybatisUtils.java:37)
	at com.wcm533.dao.ArticleMapperTest.testAddArticle(ArticleMapperTest.java:22)
	at sun.reflect.NativeMethodAccessorImpl.invoke0(Native Method)
	at sun.reflect.NativeMethodAccessorImpl.invoke(NativeMethodAccessorImpl.java:62)
	at sun.reflect.DelegatingMethodAccessorImpl.invoke(DelegatingMethodAccessorImpl.java:43)
	at java.lang.reflect.Method.invoke(Method.java:498)
	at junit.framework.TestCase.runTest(TestCase.java:176)
	at junit.framework.TestCase.runBare(TestCase.java:141)
	at junit.framework.TestResult$1.protect(TestResult.java:122)
	at junit.framework.TestResult.runProtected(TestResult.java:142)
	at junit.framework.TestResult.run(TestResult.java:125)
	at junit.framework.TestCase.run(TestCase.java:129)
	at junit.framework.TestSuite.runTest(TestSuite.java:252)
	at junit.framework.TestSuite.run(TestSuite.java:247)
	at org.junit.internal.runners.JUnit38ClassRunner.run(JUnit38ClassRunner.java:86)
	at org.apache.maven.surefire.junit4.JUnit4Provider.execute(JUnit4Provider.java:252)
	at org.apache.maven.surefire.junit4.JUnit4Provider.executeTestSet(JUnit4Provider.java:141)
	at org.apache.maven.surefire.junit4.JUnit4Provider.invoke(JUnit4Provider.java:112)
	at sun.reflect.NativeMethodAccessorImpl.invoke0(Native Method)
	at sun.reflect.NativeMethodAccessorImpl.invoke(NativeMethodAccessorImpl.java:62)
	at sun.reflect.DelegatingMethodAccessorImpl.invoke(DelegatingMethodAccessorImpl.java:43)
	at java.lang.reflect.Method.invoke(Method.java:498)
	at org.apache.maven.surefire.util.ReflectionUtils.invokeMethodWithArray(ReflectionUtils.java:189)
	at org.apache.maven.surefire.booter.ProviderFactory$ProviderProxy.invoke(ProviderFactory.java:165)
	at org.apache.maven.surefire.booter.ProviderFactory.invokeProvider(ProviderFactory.java:85)
	at org.apache.maven.surefire.booter.ForkedBooter.runSuitesInProcess(ForkedBooter.java:115)
	at org.apache.maven.surefire.booter.ForkedBooter.main(ForkedBooter.java:75)
Caused by: java.lang.NullPointerException
	at org.apache.ibatis.session.defaults.DefaultSqlSessionFactory.openSessionFromDataSource(DefaultSqlSessionFactory.java:95)
	... 28 more
</error>
  </testcase>
  <testcase classname="com.wcm533.dao.ArticleMapperTest" name="testQueryArticleByName" time="0">
    <error message="
### Error opening session.  Cause: java.lang.NullPointerException
### Cause: java.lang.NullPointerException" type="org.apache.ibatis.exceptions.PersistenceException">org.apache.ibatis.exceptions.PersistenceException: 
### Error opening session.  Cause: java.lang.NullPointerException
### Cause: java.lang.NullPointerException
	at org.apache.ibatis.exceptions.ExceptionFactory.wrapException(ExceptionFactory.java:30)
	at org.apache.ibatis.session.defaults.DefaultSqlSessionFactory.openSessionFromDataSource(DefaultSqlSessionFactory.java:100)
	at org.apache.ibatis.session.defaults.DefaultSqlSessionFactory.openSession(DefaultSqlSessionFactory.java:52)
	at com.wcm533.utils.MybatisUtils.getSqlSession(MybatisUtils.java:37)
	at com.wcm533.dao.ArticleMapperTest.testQueryArticleByName(ArticleMapperTest.java:72)
	at sun.reflect.NativeMethodAccessorImpl.invoke0(Native Method)
	at sun.reflect.NativeMethodAccessorImpl.invoke(NativeMethodAccessorImpl.java:62)
	at sun.reflect.DelegatingMethodAccessorImpl.invoke(DelegatingMethodAccessorImpl.java:43)
	at java.lang.reflect.Method.invoke(Method.java:498)
	at junit.framework.TestCase.runTest(TestCase.java:176)
	at junit.framework.TestCase.runBare(TestCase.java:141)
	at junit.framework.TestResult$1.protect(TestResult.java:122)
	at junit.framework.TestResult.runProtected(TestResult.java:142)
	at junit.framework.TestResult.run(TestResult.java:125)
	at junit.framework.TestCase.run(TestCase.java:129)
	at junit.framework.TestSuite.runTest(TestSuite.java:252)
	at junit.framework.TestSuite.run(TestSuite.java:247)
	at org.junit.internal.runners.JUnit38ClassRunner.run(JUnit38ClassRunner.java:86)
	at org.apache.maven.surefire.junit4.JUnit4Provider.execute(JUnit4Provider.java:252)
	at org.apache.maven.surefire.junit4.JUnit4Provider.executeTestSet(JUnit4Provider.java:141)
	at org.apache.maven.surefire.junit4.JUnit4Provider.invoke(JUnit4Provider.java:112)
	at sun.reflect.NativeMethodAccessorImpl.invoke0(Native Method)
	at sun.reflect.NativeMethodAccessorImpl.invoke(NativeMethodAccessorImpl.java:62)
	at sun.reflect.DelegatingMethodAccessorImpl.invoke(DelegatingMethodAccessorImpl.java:43)
	at java.lang.reflect.Method.invoke(Method.java:498)
	at org.apache.maven.surefire.util.ReflectionUtils.invokeMethodWithArray(ReflectionUtils.java:189)
	at org.apache.maven.surefire.booter.ProviderFactory$ProviderProxy.invoke(ProviderFactory.java:165)
	at org.apache.maven.surefire.booter.ProviderFactory.invokeProvider(ProviderFactory.java:85)
	at org.apache.maven.surefire.booter.ForkedBooter.runSuitesInProcess(ForkedBooter.java:115)
	at org.apache.maven.surefire.booter.ForkedBooter.main(ForkedBooter.java:75)
Caused by: java.lang.NullPointerException
	at org.apache.ibatis.session.defaults.DefaultSqlSessionFactory.openSessionFromDataSource(DefaultSqlSessionFactory.java:95)
	... 28 more
</error>
  </testcase>
  <testcase classname="com.wcm533.dao.ArticleMapperTest" name="testDeleteArticle" time="0.001">
    <error message="
### Error opening session.  Cause: java.lang.NullPointerException
### Cause: java.lang.NullPointerException" type="org.apache.ibatis.exceptions.PersistenceException">org.apache.ibatis.exceptions.PersistenceException: 
### Error opening session.  Cause: java.lang.NullPointerException
### Cause: java.lang.NullPointerException
	at org.apache.ibatis.exceptions.ExceptionFactory.wrapException(ExceptionFactory.java:30)
	at org.apache.ibatis.session.defaults.DefaultSqlSessionFactory.openSessionFromDataSource(DefaultSqlSessionFactory.java:100)
	at org.apache.ibatis.session.defaults.DefaultSqlSessionFactory.openSession(DefaultSqlSessionFactory.java:52)
	at com.wcm533.utils.MybatisUtils.getSqlSession(MybatisUtils.java:37)
	at com.wcm533.dao.ArticleMapperTest.testDeleteArticle(ArticleMapperTest.java:34)
	at sun.reflect.NativeMethodAccessorImpl.invoke0(Native Method)
	at sun.reflect.NativeMethodAccessorImpl.invoke(NativeMethodAccessorImpl.java:62)
	at sun.reflect.DelegatingMethodAccessorImpl.invoke(DelegatingMethodAccessorImpl.java:43)
	at java.lang.reflect.Method.invoke(Method.java:498)
	at junit.framework.TestCase.runTest(TestCase.java:176)
	at junit.framework.TestCase.runBare(TestCase.java:141)
	at junit.framework.TestResult$1.protect(TestResult.java:122)
	at junit.framework.TestResult.runProtected(TestResult.java:142)
	at junit.framework.TestResult.run(TestResult.java:125)
	at junit.framework.TestCase.run(TestCase.java:129)
	at junit.framework.TestSuite.runTest(TestSuite.java:252)
	at junit.framework.TestSuite.run(TestSuite.java:247)
	at org.junit.internal.runners.JUnit38ClassRunner.run(JUnit38ClassRunner.java:86)
	at org.apache.maven.surefire.junit4.JUnit4Provider.execute(JUnit4Provider.java:252)
	at org.apache.maven.surefire.junit4.JUnit4Provider.executeTestSet(JUnit4Provider.java:141)
	at org.apache.maven.surefire.junit4.JUnit4Provider.invoke(JUnit4Provider.java:112)
	at sun.reflect.NativeMethodAccessorImpl.invoke0(Native Method)
	at sun.reflect.NativeMethodAccessorImpl.invoke(NativeMethodAccessorImpl.java:62)
	at sun.reflect.DelegatingMethodAccessorImpl.invoke(DelegatingMethodAccessorImpl.java:43)
	at java.lang.reflect.Method.invoke(Method.java:498)
	at org.apache.maven.surefire.util.ReflectionUtils.invokeMethodWithArray(ReflectionUtils.java:189)
	at org.apache.maven.surefire.booter.ProviderFactory$ProviderProxy.invoke(ProviderFactory.java:165)
	at org.apache.maven.surefire.booter.ProviderFactory.invokeProvider(ProviderFactory.java:85)
	at org.apache.maven.surefire.booter.ForkedBooter.runSuitesInProcess(ForkedBooter.java:115)
	at org.apache.maven.surefire.booter.ForkedBooter.main(ForkedBooter.java:75)
Caused by: java.lang.NullPointerException
	at org.apache.ibatis.session.defaults.DefaultSqlSessionFactory.openSessionFromDataSource(DefaultSqlSessionFactory.java:95)
	... 28 more
</error>
  </testcase>
  <testcase classname="com.wcm533.dao.ArticleMapperTest" name="testQueryAllArticles" time="0">
    <error message="
### Error opening session.  Cause: java.lang.NullPointerException
### Cause: java.lang.NullPointerException" type="org.apache.ibatis.exceptions.PersistenceException">org.apache.ibatis.exceptions.PersistenceException: 
### Error opening session.  Cause: java.lang.NullPointerException
### Cause: java.lang.NullPointerException
	at org.apache.ibatis.exceptions.ExceptionFactory.wrapException(ExceptionFactory.java:30)
	at org.apache.ibatis.session.defaults.DefaultSqlSessionFactory.openSessionFromDataSource(DefaultSqlSessionFactory.java:100)
	at org.apache.ibatis.session.defaults.DefaultSqlSessionFactory.openSession(DefaultSqlSessionFactory.java:52)
	at com.wcm533.utils.MybatisUtils.getSqlSession(MybatisUtils.java:37)
	at com.wcm533.dao.ArticleMapperTest.testQueryAllArticles(ArticleMapperTest.java:54)
	at sun.reflect.NativeMethodAccessorImpl.invoke0(Native Method)
	at sun.reflect.NativeMethodAccessorImpl.invoke(NativeMethodAccessorImpl.java:62)
	at sun.reflect.DelegatingMethodAccessorImpl.invoke(DelegatingMethodAccessorImpl.java:43)
	at java.lang.reflect.Method.invoke(Method.java:498)
	at junit.framework.TestCase.runTest(TestCase.java:176)
	at junit.framework.TestCase.runBare(TestCase.java:141)
	at junit.framework.TestResult$1.protect(TestResult.java:122)
	at junit.framework.TestResult.runProtected(TestResult.java:142)
	at junit.framework.TestResult.run(TestResult.java:125)
	at junit.framework.TestCase.run(TestCase.java:129)
	at junit.framework.TestSuite.runTest(TestSuite.java:252)
	at junit.framework.TestSuite.run(TestSuite.java:247)
	at org.junit.internal.runners.JUnit38ClassRunner.run(JUnit38ClassRunner.java:86)
	at org.apache.maven.surefire.junit4.JUnit4Provider.execute(JUnit4Provider.java:252)
	at org.apache.maven.surefire.junit4.JUnit4Provider.executeTestSet(JUnit4Provider.java:141)
	at org.apache.maven.surefire.junit4.JUnit4Provider.invoke(JUnit4Provider.java:112)
	at sun.reflect.NativeMethodAccessorImpl.invoke0(Native Method)
	at sun.reflect.NativeMethodAccessorImpl.invoke(NativeMethodAccessorImpl.java:62)
	at sun.reflect.DelegatingMethodAccessorImpl.invoke(DelegatingMethodAccessorImpl.java:43)
	at java.lang.reflect.Method.invoke(Method.java:498)
	at org.apache.maven.surefire.util.ReflectionUtils.invokeMethodWithArray(ReflectionUtils.java:189)
	at org.apache.maven.surefire.booter.ProviderFactory$ProviderProxy.invoke(ProviderFactory.java:165)
	at org.apache.maven.surefire.booter.ProviderFactory.invokeProvider(ProviderFactory.java:85)
	at org.apache.maven.surefire.booter.ForkedBooter.runSuitesInProcess(ForkedBooter.java:115)
	at org.apache.maven.surefire.booter.ForkedBooter.main(ForkedBooter.java:75)
Caused by: java.lang.NullPointerException
	at org.apache.ibatis.session.defaults.DefaultSqlSessionFactory.openSessionFromDataSource(DefaultSqlSessionFactory.java:95)
	... 28 more
</error>
  </testcase>
</testsuite>